[16:21:26] [main/INFO]: Loading Minecraft 1.20.1 with Fabric Loader 0.16.3
[16:21:26] [main/INFO]: Loading 4 mods:
	- fabricloader 0.16.3
	   \-- mixinextras 0.4.1
	- java 17
	- minecraft 1.20.1
[16:21:26] [main/INFO]: SpongePowered MIXIN Subsystem Version=0.8.7 Source=file:/workspaces/palominserver/servidor_minecraft/libraries/net/fabricmc/sponge-mixin/0.15.2+mixin.0.8.7/sponge-mixin-0.15.2+mixin.0.8.7.jar Service=Knot/Fabric Env=SERVER
[16:21:35] [main/INFO]: Environment: authHost='https://authserver.mojang.com', accountsHost='https://api.mojang.com', sessionHost='https://sessionserver.mojang.com', servicesHost='https://api.minecraftservices.com', name='PROD'
[16:21:38] [main/INFO]: Loaded 7 recipes
[16:21:38] [main/INFO]: Loaded 1271 advancements
[16:21:39] [Server thread/INFO]: Starting minecraft server version 1.20.1
[16:21:39] [Server thread/INFO]: Loading properties
[16:21:39] [Server thread/INFO]: Default game type: SURVIVAL
[16:21:39] [Server thread/INFO]: Generating keypair
[16:21:39] [Server thread/INFO]: Starting Minecraft server on *:25565
[16:21:39] [Server thread/INFO]: Using epoll channel type
[16:21:39] [Server thread/WARN]: **** SERVER IS RUNNING IN OFFLINE/INSECURE MODE!
[16:21:39] [Server thread/WARN]: The server will make no attempt to authenticate usernames. Beware.
[16:21:39] [Server thread/WARN]: While this makes the game possible to play without internet access, it also opens up the ability for hackers to connect with any username they choose.
[16:21:39] [Server thread/WARN]: To change this, set "online-mode" to "true" in the server.properties file.
[16:21:39] [Server thread/INFO]: Preparing level "world"
[16:21:51] [Server thread/INFO]: Preparing start region for dimension minecraft:overworld
[16:21:52] [Worker-Main-1/INFO]: Preparing spawn area: 0%
[16:21:52] [Worker-Main-1/INFO]: Preparing spawn area: 0%
[16:21:52] [Worker-Main-1/INFO]: Preparing spawn area: 0%
[16:21:52] [Worker-Main-1/INFO]: Preparing spawn area: 0%
[16:21:53] [Worker-Main-1/INFO]: Preparing spawn area: 0%
[16:21:53] [Worker-Main-1/INFO]: Preparing spawn area: 0%
[16:21:55] [Worker-Main-1/INFO]: Preparing spawn area: 0%
[16:21:55] [Worker-Main-1/INFO]: Preparing spawn area: 0%
[16:21:55] [Worker-Main-1/INFO]: Preparing spawn area: 0%
[16:21:55] [Worker-Main-1/INFO]: Preparing spawn area: 0%
[16:21:56] [Worker-Main-1/INFO]: Preparing spawn area: 0%
[16:21:57] [Worker-Main-1/INFO]: Preparing spawn area: 0%
[16:21:57] [Worker-Main-1/INFO]: Preparing spawn area: 0%
[16:21:57] [Worker-Main-1/INFO]: Preparing spawn area: 0%
[16:21:58] [Worker-Main-1/INFO]: Preparing spawn area: 0%
[16:21:58] [Worker-Main-1/INFO]: Preparing spawn area: 0%
[16:21:59] [Worker-Main-1/INFO]: Preparing spawn area: 0%
[16:21:59] [Worker-Main-1/INFO]: Preparing spawn area: 0%
[16:22:00] [Worker-Main-1/INFO]: Preparing spawn area: 0%
[16:22:00] [Worker-Main-1/INFO]: Preparing spawn area: 0%
[16:22:01] [Worker-Main-1/INFO]: Preparing spawn area: 0%
[16:22:01] [Worker-Main-1/INFO]: Preparing spawn area: 0%
[16:22:02] [Worker-Main-1/INFO]: Preparing spawn area: 0%
[16:22:02] [Worker-Main-1/INFO]: Preparing spawn area: 0%
[16:22:03] [Worker-Main-1/INFO]: Preparing spawn area: 0%
[16:22:03] [Worker-Main-1/INFO]: Preparing spawn area: 0%
[16:22:04] [Worker-Main-1/INFO]: Preparing spawn area: 0%
[16:22:04] [Worker-Main-1/INFO]: Preparing spawn area: 0%
[16:22:05] [Worker-Main-1/INFO]: Preparing spawn area: 0%
[16:22:05] [Worker-Main-1/INFO]: Preparing spawn area: 0%
[16:22:06] [Worker-Main-1/INFO]: Preparing spawn area: 0%
[16:22:06] [Worker-Main-1/INFO]: Preparing spawn area: 0%
[16:22:07] [Worker-Main-1/INFO]: Preparing spawn area: 0%
[16:22:07] [Worker-Main-1/INFO]: Preparing spawn area: 0%
[16:22:08] [Worker-Main-1/INFO]: Preparing spawn area: 0%
[16:22:08] [Worker-Main-1/INFO]: Preparing spawn area: 0%
[16:22:09] [Worker-Main-1/INFO]: Preparing spawn area: 0%
[16:22:09] [Worker-Main-1/INFO]: Preparing spawn area: 0%
[16:22:10] [Worker-Main-1/INFO]: Preparing spawn area: 0%
[16:22:10] [Worker-Main-1/INFO]: Preparing spawn area: 0%
[16:22:11] [Worker-Main-1/INFO]: Preparing spawn area: 0%
[16:22:11] [Worker-Main-1/INFO]: Preparing spawn area: 0%
[16:22:12] [Worker-Main-1/INFO]: Preparing spawn area: 0%
[16:22:12] [Worker-Main-1/INFO]: Preparing spawn area: 0%
[16:22:13] [Worker-Main-1/INFO]: Preparing spawn area: 0%
[16:22:13] [Worker-Main-1/INFO]: Preparing spawn area: 0%
[16:22:14] [Worker-Main-1/INFO]: Preparing spawn area: 0%
[16:22:14] [Worker-Main-1/INFO]: Preparing spawn area: 0%
[16:22:15] [Worker-Main-1/INFO]: Preparing spawn area: 0%
[16:22:15] [Worker-Main-1/INFO]: Preparing spawn area: 0%
[16:22:16] [Worker-Main-1/INFO]: Preparing spawn area: 0%
[16:22:16] [Worker-Main-1/INFO]: Preparing spawn area: 0%
[16:22:17] [Worker-Main-1/INFO]: Preparing spawn area: 0%
[16:22:17] [Worker-Main-1/INFO]: Preparing spawn area: 0%
[16:22:18] [Worker-Main-1/INFO]: Preparing spawn area: 0%
[16:22:18] [Worker-Main-1/INFO]: Preparing spawn area: 0%
[16:22:19] [Worker-Main-1/INFO]: Preparing spawn area: 0%
[16:22:19] [Worker-Main-1/INFO]: Preparing spawn area: 0%
[16:22:20] [Worker-Main-1/INFO]: Preparing spawn area: 0%
[16:22:20] [Worker-Main-1/INFO]: Preparing spawn area: 0%
[16:22:21] [Worker-Main-1/INFO]: Preparing spawn area: 0%
[16:22:21] [Worker-Main-1/INFO]: Preparing spawn area: 0%
[16:22:22] [Worker-Main-1/INFO]: Preparing spawn area: 0%
[16:22:22] [Worker-Main-1/INFO]: Preparing spawn area: 0%
[16:22:23] [Worker-Main-9/INFO]: Preparing spawn area: 0%
[16:22:23] [Worker-Main-1/INFO]: Preparing spawn area: 1%
[16:22:24] [Worker-Main-1/INFO]: Preparing spawn area: 15%
[16:22:24] [Worker-Main-9/INFO]: Preparing spawn area: 43%
[16:22:25] [Worker-Main-9/INFO]: Preparing spawn area: 47%
[16:22:25] [Worker-Main-9/INFO]: Preparing spawn area: 61%
[16:22:26] [Worker-Main-9/INFO]: Preparing spawn area: 68%
[16:22:26] [Worker-Main-9/INFO]: Preparing spawn area: 73%
[16:22:27] [Worker-Main-9/INFO]: Preparing spawn area: 76%
[16:22:27] [Worker-Main-9/INFO]: Preparing spawn area: 78%
[16:22:28] [Worker-Main-9/INFO]: Preparing spawn area: 79%
[16:22:28] [Worker-Main-9/INFO]: Preparing spawn area: 79%
[16:22:29] [Worker-Main-9/INFO]: Preparing spawn area: 81%
[16:22:29] [Worker-Main-9/INFO]: Preparing spawn area: 82%
[16:22:30] [Worker-Main-9/INFO]: Preparing spawn area: 83%
[16:22:30] [Worker-Main-9/INFO]: Preparing spawn area: 84%
[16:22:31] [Worker-Main-9/INFO]: Preparing spawn area: 85%
[16:22:31] [Worker-Main-9/INFO]: Preparing spawn area: 86%
[16:22:32] [Worker-Main-9/INFO]: Preparing spawn area: 88%
[16:22:32] [Worker-Main-9/INFO]: Preparing spawn area: 89%
[16:22:33] [Worker-Main-9/INFO]: Preparing spawn area: 91%
[16:22:33] [Worker-Main-9/INFO]: Preparing spawn area: 93%
[16:22:34] [Worker-Main-9/INFO]: Preparing spawn area: 93%
[16:22:34] [Worker-Main-9/INFO]: Preparing spawn area: 95%
[16:22:35] [Worker-Main-9/INFO]: Preparing spawn area: 97%
[16:22:35] [Worker-Main-9/INFO]: Preparing spawn area: 99%
[16:22:36] [Server thread/INFO]: Time elapsed: 44814 ms
[16:22:36] [Server thread/INFO]: Done (56.443s)! For help, type "help"
[16:22:36] [Server thread/INFO]: Unknown or incomplete command, see below for error
[16:22:36] [Server thread/INFO]: home/codespace/.python/current/bin/python /workspaces/palominserver/msx.py<--[HERE]
[16:23:22] [Server thread/INFO]: Stopping the server
[16:23:22] [Server thread/INFO]: Stopping server
[16:23:22] [Server thread/INFO]: Saving players
[16:23:22] [Server thread/INFO]: Saving worlds
[16:23:24] [Server thread/INFO]: Saving chunks for level 'ServerLevel[world]'/minecraft:overworld
[16:23:27] [Server thread/INFO]: Saving chunks for level 'ServerLevel[world]'/minecraft:the_end
[16:23:27] [Server thread/INFO]: Saving chunks for level 'ServerLevel[world]'/minecraft:the_nether
[16:23:27] [Server thread/INFO]: ThreadedAnvilChunkStorage (world): All chunks are saved
[16:23:27] [Server thread/INFO]: ThreadedAnvilChunkStorage (DIM1): All chunks are saved
[16:23:27] [Server thread/INFO]: ThreadedAnvilChunkStorage (DIM-1): All chunks are saved
[16:23:27] [Server thread/INFO]: ThreadedAnvilChunkStorage: All dimensions are saved
